<?xml version="1.0" encoding="UTF-8"?>
<testng-results skipped="0" failed="1" ignored="0" total="5" passed="4">
  <reporter-output>
  </reporter-output>
  <suite name="TestNG-Suite-using-Classes-for-Rest-Assured-API-based-user-blog-tests-for-user-Samantha-by-Abhijit_Malankar_MScEngg_TU_Berlin" duration-ms="20188" started-at="2020-02-12T17:30:22Z" finished-at="2020-02-12T17:30:42Z">
    <groups>
      <group name="User_Blog_posts_list_search">
        <method signature="Test2_user_blog_search_posts_by_user_Samantha.Test_2_User_blog_search_posts_and_post_ids_by_user_Samantha()[pri:2, instance:com.qatest.Test2_user_blog_search_posts_by_user_Samantha@dba097]" name="Test_2_User_blog_search_posts_and_post_ids_by_user_Samantha" class="com.qatest.Test2_user_blog_search_posts_by_user_Samantha"/>
      </group> <!-- User_Blog_posts_list_search -->
      <group name="Email_Start_Syntax_validation">
        <method signature="Test3b_user_blog_to_validate_email_formats_in_comments.Test_4_Email_Start_Syntax_validation_for_Email_id_0_Comment_id_101_Postid_21_by_user_Samantha()[pri:4, instance:com.qatest.Test3b_user_blog_to_validate_email_formats_in_comments@4d6e83]" name="Test_4_Email_Start_Syntax_validation_for_Email_id_0_Comment_id_101_Postid_21_by_user_Samantha" class="com.qatest.Test3b_user_blog_to_validate_email_formats_in_comments"/>
      </group> <!-- Email_Start_Syntax_validation -->
      <group name="User_Blog_users_list_search">
        <method signature="Test1_user_blog_search_user_Samantha.Test_1_Search_for_user_Samantha()[pri:1, instance:com.qatest.Test1_user_blog_search_user_Samantha@1e7803]" name="Test_1_Search_for_user_Samantha" class="com.qatest.Test1_user_blog_search_user_Samantha"/>
      </group> <!-- User_Blog_users_list_search -->
      <group name="User_Blog_comments_list_search">
        <method signature="Test3a_user_blog_search_comments_by_user_Samantha.Test_3_User_blog_search_comments_comment_ids_and_emails_by_user_Samantha()[pri:3, instance:com.qatest.Test3a_user_blog_search_comments_by_user_Samantha@186f9d5]" name="Test_3_User_blog_search_comments_comment_ids_and_emails_by_user_Samantha" class="com.qatest.Test3a_user_blog_search_comments_by_user_Samantha"/>
      </group> <!-- User_Blog_comments_list_search -->
      <group name="Email_End_Syntax_validation">
        <method signature="Test3b_user_blog_to_validate_email_formats_in_comments.Test_5_Email_End_Syntax_validation_for_Email_id_0_Comment_id_101_Postid_21_by_user_Samantha()[pri:5, instance:com.qatest.Test3b_user_blog_to_validate_email_formats_in_comments@4d6e83]" name="Test_5_Email_End_Syntax_validation_for_Email_id_0_Comment_id_101_Postid_21_by_user_Samantha" class="com.qatest.Test3b_user_blog_to_validate_email_formats_in_comments"/>
      </group> <!-- Email_End_Syntax_validation -->
    </groups>
    <test name="User-Blog-Tests-using-Classes-based-TestNG-Suite-by-Abhijit_Malankar_MScEngg_TU_Berlin" duration-ms="20188" started-at="2020-02-12T17:30:22Z" finished-at="2020-02-12T17:30:42Z">
      <class name="com.qatest.Test2_user_blog_search_posts_by_user_Samantha">
        <test-method status="PASS" signature="Test_2_User_blog_search_posts_and_post_ids_by_user_Samantha()[pri:2, instance:com.qatest.Test2_user_blog_search_posts_by_user_Samantha@dba097]" name="Test_2_User_blog_search_posts_and_post_ids_by_user_Samantha" duration-ms="5161" started-at="2020-02-12T23:00:28Z" finished-at="2020-02-12T23:00:33Z">
          <reporter-output>
          </reporter-output>
        </test-method> <!-- Test_2_User_blog_search_posts_and_post_ids_by_user_Samantha -->
      </class> <!-- com.qatest.Test2_user_blog_search_posts_by_user_Samantha -->
      <class name="com.qatest.Test1_user_blog_search_user_Samantha">
        <test-method status="PASS" signature="Start_of_Test()[pri:0, instance:com.qatest.Test1_user_blog_search_user_Samantha@1e7803]" name="Start_of_Test" is-config="true" duration-ms="10" started-at="2020-02-12T23:00:22Z" finished-at="2020-02-12T23:00:22Z">
          <reporter-output>
          </reporter-output>
        </test-method> <!-- Start_of_Test -->
        <test-method status="PASS" signature="Test_1_Search_for_user_Samantha()[pri:1, instance:com.qatest.Test1_user_blog_search_user_Samantha@1e7803]" name="Test_1_Search_for_user_Samantha" duration-ms="6000" started-at="2020-02-12T23:00:22Z" finished-at="2020-02-12T23:00:28Z">
          <reporter-output>
          </reporter-output>
        </test-method> <!-- Test_1_Search_for_user_Samantha -->
        <test-method status="PASS" signature="End_of_Test()[pri:0, instance:com.qatest.Test1_user_blog_search_user_Samantha@1e7803]" name="End_of_Test" is-config="true" duration-ms="2" started-at="2020-02-12T23:00:42Z" finished-at="2020-02-12T23:00:42Z">
          <reporter-output>
          </reporter-output>
        </test-method> <!-- End_of_Test -->
      </class> <!-- com.qatest.Test1_user_blog_search_user_Samantha -->
      <class name="com.qatest.Test3b_user_blog_to_validate_email_formats_in_comments">
        <test-method status="PASS" signature="Test_4_Email_Start_Syntax_validation_for_Email_id_0_Comment_id_101_Postid_21_by_user_Samantha()[pri:4, instance:com.qatest.Test3b_user_blog_to_validate_email_formats_in_comments@4d6e83]" name="Test_4_Email_Start_Syntax_validation_for_Email_id_0_Comment_id_101_Postid_21_by_user_Samantha" duration-ms="3104" started-at="2020-02-12T23:00:36Z" finished-at="2020-02-12T23:00:39Z">
          <reporter-output>
          </reporter-output>
        </test-method> <!-- Test_4_Email_Start_Syntax_validation_for_Email_id_0_Comment_id_101_Postid_21_by_user_Samantha -->
        <test-method status="FAIL" signature="Test_5_Email_End_Syntax_validation_for_Email_id_0_Comment_id_101_Postid_21_by_user_Samantha()[pri:5, instance:com.qatest.Test3b_user_blog_to_validate_email_formats_in_comments@4d6e83]" name="Test_5_Email_End_Syntax_validation_for_Email_id_0_Comment_id_101_Postid_21_by_user_Samantha" duration-ms="3179" started-at="2020-02-12T23:00:39Z" finished-at="2020-02-12T23:00:42Z">
          <exception class="java.lang.AssertionError">
            <message>
              <![CDATA[1 expectation failed.
JSON path email[0] doesn't match.
Expected: (a string ending with "@rod.com" or a string containing "@rod.org" or a string containing "@rod.net" or a string containing "@rod.de" or a string containing "@rod.us" or a string containing "@rod.co.uk" or a string containing "@rod.biz")
  Actual: Lura@rod.tv

--------------------------------------------------------------------------------------------------------------
 ( TestNG Listener class Message for Failed Test Case  ) - Test 5 - is Fail for Email_End_Syntax_validation_for_Email_id_0_Comment_id_101_Postid_21_by_user_Samantha 
 End syntax of Email_id_0_ is found not matching to the standard generic top-level domains (gTLD) being compared for this test like -  ( .com/.org/.net/.de/.us/.co.uk/ .biz/ )
-------------------------------------------------------------------------------------------------------------- 
 ]]>
            </message>
            <full-stacktrace>
              <![CDATA[java.lang.AssertionError: 1 expectation failed.
JSON path email[0] doesn't match.
Expected: (a string ending with "@rod.com" or a string containing "@rod.org" or a string containing "@rod.net" or a string containing "@rod.de" or a string containing "@rod.us" or a string containing "@rod.co.uk" or a string containing "@rod.biz")
  Actual: Lura@rod.tv

--------------------------------------------------------------------------------------------------------------
 ( TestNG Listener class Message for Failed Test Case  ) - Test 5 - is Fail for Email_End_Syntax_validation_for_Email_id_0_Comment_id_101_Postid_21_by_user_Samantha 
 End syntax of Email_id_0_ is found not matching to the standard generic top-level domains (gTLD) being compared for this test like -  ( .com/.org/.net/.de/.us/.co.uk/ .biz/ )
-------------------------------------------------------------------------------------------------------------- 
 
	at sun.reflect.NativeConstructorAccessorImpl.newInstance0(Native Method)
	at sun.reflect.NativeConstructorAccessorImpl.newInstance(Unknown Source)
	at sun.reflect.DelegatingConstructorAccessorImpl.newInstance(Unknown Source)
	at java.lang.reflect.Constructor.newInstance(Unknown Source)
	at org.codehaus.groovy.reflection.CachedConstructor.invoke(CachedConstructor.java:80)
	at org.codehaus.groovy.reflection.CachedConstructor.doConstructorInvoke(CachedConstructor.java:74)
	at org.codehaus.groovy.runtime.callsite.ConstructorSite$ConstructorSiteNoUnwrap.callConstructor(ConstructorSite.java:84)
	at org.codehaus.groovy.runtime.callsite.CallSiteArray.defaultCallConstructor(CallSiteArray.java:59)
	at org.codehaus.groovy.runtime.callsite.AbstractCallSite.callConstructor(AbstractCallSite.java:237)
	at org.codehaus.groovy.runtime.callsite.AbstractCallSite.callConstructor(AbstractCallSite.java:249)
	at io.restassured.internal.ResponseSpecificationImpl$HamcrestAssertionClosure.validate(ResponseSpecificationImpl.groovy:493)
	at io.restassured.internal.ResponseSpecificationImpl$HamcrestAssertionClosure$validate$1.call(Unknown Source)
	at io.restassured.internal.ResponseSpecificationImpl.validateResponseIfRequired(ResponseSpecificationImpl.groovy:674)
	at sun.reflect.NativeMethodAccessorImpl.invoke0(Native Method)
	at sun.reflect.NativeMethodAccessorImpl.invoke(Unknown Source)
	at sun.reflect.DelegatingMethodAccessorImpl.invoke(Unknown Source)
	at java.lang.reflect.Method.invoke(Unknown Source)
	at org.codehaus.groovy.runtime.callsite.PlainObjectMetaMethodSite.doInvoke(PlainObjectMetaMethodSite.java:43)
	at org.codehaus.groovy.runtime.callsite.PogoMetaMethodSite$PogoCachedMethodSiteNoUnwrapNoCoerce.invoke(PogoMetaMethodSite.java:190)
	at org.codehaus.groovy.runtime.callsite.PogoMetaMethodSite.callCurrent(PogoMetaMethodSite.java:58)
	at org.codehaus.groovy.runtime.callsite.AbstractCallSite.callCurrent(AbstractCallSite.java:168)
	at io.restassured.internal.ResponseSpecificationImpl.body(ResponseSpecificationImpl.groovy:261)
	at io.restassured.specification.ResponseSpecification$body$0.callCurrent(Unknown Source)
	at io.restassured.internal.ResponseSpecificationImpl.body(ResponseSpecificationImpl.groovy:108)
	at io.restassured.internal.ValidatableResponseOptionsImpl.body(ValidatableResponseOptionsImpl.java:244)
	at io.restassured.internal.ValidatableResponseImpl.super$2$body(ValidatableResponseImpl.groovy)
	at sun.reflect.NativeMethodAccessorImpl.invoke0(Native Method)
	at sun.reflect.NativeMethodAccessorImpl.invoke(Unknown Source)
	at sun.reflect.DelegatingMethodAccessorImpl.invoke(Unknown Source)
	at java.lang.reflect.Method.invoke(Unknown Source)
	at org.codehaus.groovy.reflection.CachedMethod.invoke(CachedMethod.java:101)
	at groovy.lang.MetaMethod.doMethodInvoke(MetaMethod.java:323)
	at groovy.lang.MetaClassImpl.invokeMethod(MetaClassImpl.java:1217)
	at org.codehaus.groovy.runtime.ScriptBytecodeAdapter.invokeMethodOnSuperN(ScriptBytecodeAdapter.java:144)
	at io.restassured.internal.ValidatableResponseImpl.body(ValidatableResponseImpl.groovy:298)
	at io.restassured.internal.ValidatableResponseImpl.body(ValidatableResponseImpl.groovy)
	at com.qatest.Test3b_user_blog_to_validate_email_formats_in_comments.Test_5_Email_End_Syntax_validation_for_Email_id_0_Comment_id_101_Postid_21_by_user_Samantha(Test3b_user_blog_to_validate_email_formats_in_comments.java:127)
	at sun.reflect.NativeMethodAccessorImpl.invoke0(Native Method)
	at sun.reflect.NativeMethodAccessorImpl.invoke(Unknown Source)
	at sun.reflect.DelegatingMethodAccessorImpl.invoke(Unknown Source)
	at java.lang.reflect.Method.invoke(Unknown Source)
	at org.testng.internal.MethodInvocationHelper.invokeMethod(MethodInvocationHelper.java:108)
	at org.testng.internal.Invoker.invokeMethod(Invoker.java:661)
	at org.testng.internal.Invoker.invokeTestMethod(Invoker.java:869)
	at org.testng.internal.Invoker.invokeTestMethods(Invoker.java:1193)
	at org.testng.internal.TestMethodWorker.invokeTestMethods(TestMethodWorker.java:126)
	at org.testng.internal.TestMethodWorker.run(TestMethodWorker.java:109)
	at org.testng.TestRunner.privateRun(TestRunner.java:744)
	at org.testng.TestRunner.run(TestRunner.java:602)
	at org.testng.SuiteRunner.runTest(SuiteRunner.java:380)
	at org.testng.SuiteRunner.runSequentially(SuiteRunner.java:375)
	at org.testng.SuiteRunner.privateRun(SuiteRunner.java:340)
	at org.testng.SuiteRunner.run(SuiteRunner.java:289)
	at org.testng.SuiteRunnerWorker.runSuite(SuiteRunnerWorker.java:52)
	at org.testng.SuiteRunnerWorker.run(SuiteRunnerWorker.java:86)
	at org.testng.TestNG.runSuitesSequentially(TestNG.java:1301)
	at org.testng.TestNG.runSuitesLocally(TestNG.java:1226)
	at org.testng.TestNG.runSuites(TestNG.java:1144)
	at org.testng.TestNG.run(TestNG.java:1115)
	at org.testng.remote.AbstractRemoteTestNG.run(AbstractRemoteTestNG.java:132)
	at org.testng.remote.RemoteTestNG.initAndRun(RemoteTestNG.java:230)
	at org.testng.remote.RemoteTestNG.main(RemoteTestNG.java:76)
]]>
            </full-stacktrace>
          </exception> <!-- java.lang.AssertionError -->
          <reporter-output>
          </reporter-output>
        </test-method> <!-- Test_5_Email_End_Syntax_validation_for_Email_id_0_Comment_id_101_Postid_21_by_user_Samantha -->
      </class> <!-- com.qatest.Test3b_user_blog_to_validate_email_formats_in_comments -->
      <class name="com.qatest.Test3a_user_blog_search_comments_by_user_Samantha">
        <test-method status="PASS" signature="Test_3_User_blog_search_comments_comment_ids_and_emails_by_user_Samantha()[pri:3, instance:com.qatest.Test3a_user_blog_search_comments_by_user_Samantha@186f9d5]" name="Test_3_User_blog_search_comments_comment_ids_and_emails_by_user_Samantha" duration-ms="2718" started-at="2020-02-12T23:00:33Z" finished-at="2020-02-12T23:00:36Z">
          <reporter-output>
          </reporter-output>
        </test-method> <!-- Test_3_User_blog_search_comments_comment_ids_and_emails_by_user_Samantha -->
      </class> <!-- com.qatest.Test3a_user_blog_search_comments_by_user_Samantha -->
    </test> <!-- User-Blog-Tests-using-Classes-based-TestNG-Suite-by-Abhijit_Malankar_MScEngg_TU_Berlin -->
  </suite> <!-- TestNG-Suite-using-Classes-for-Rest-Assured-API-based-user-blog-tests-for-user-Samantha-by-Abhijit_Malankar_MScEngg_TU_Berlin -->
</testng-results>
